#
# There is insufficient memory for the Java Runtime Environment to continue.
# Native memory allocation (malloc) failed to allocate 1048576 bytes for AllocateHeap
# Possible reasons:
#   The system is out of physical RAM or swap space
#   The process is running with CompressedOops enabled, and the Java Heap may be blocking the growth of the native heap
# Possible solutions:
#   Reduce memory load on the system
#   Increase physical memory or swap space
#   Check if swap backing store is full
#   Decrease Java heap size (-Xmx/-Xms)
#   Decrease number of Java threads
#   Decrease Java thread stack sizes (-Xss)
#   Set larger code cache with -XX:ReservedCodeCacheSize=
#   JVM is running with Unscaled Compressed Oops mode in which the Java heap is
#     placed in the first 4GB address space. The Java Heap base address is the
#     maximum limit for the native heap growth. Please use -XX:HeapBaseMinAddress
#     to set the Java Heap base and to place the Java Heap above 4GB virtual address.
# This output file may be truncated or incomplete.
#
#  Out of Memory Error (memory/allocation.inline.hpp:61), pid=13760, tid=0x0000000000003de8
#
# JRE version:  (8.0_231-b11) (build )
# Java VM: Java HotSpot(TM) 64-Bit Server VM (25.231-b11 mixed mode windows-amd64 compressed oops)
# Failed to write core dump. Minidumps are not enabled by default on client versions of Windows
#

---------------  T H R E A D  ---------------

Current thread (0x0000000002f7e000):  JavaThread "Unknown thread" [_thread_in_vm, id=15848, stack(0x0000000002fe0000,0x00000000030e0000)]

Stack: [0x0000000002fe0000,0x00000000030e0000]
[error occurred during error reporting (printing stack bounds), id 0xc0000005]

Native frames: (J=compiled Java code, j=interpreted, Vv=VM code, C=native code)


---------------  P R O C E S S  ---------------

Java Threads: ( => current thread )

Other Threads:

=>0x0000000002f7e000 (exited) JavaThread "Unknown thread" [_thread_in_vm, id=15848, stack(0x0000000002fe0000,0x00000000030e0000)]

VM state:not at safepoint (normal execution)

VM Mutex/Monitor currently owned by a thread: None

heap address: 0x00000000c1e00000, size: 994 MB, Compressed Oops mode: 32-bit
Narrow klass base: 0x0000000000000000, Narrow klass shift: 3
Compressed class space size: 1073741824 Address: 0x0000000100000000

Heap:
 PSYoungGen      total 18944K, used 327K [0x00000000eb500000, 0x00000000eca00000, 0x0000000100000000)
  eden space 16384K, 2% used [0x00000000eb500000,0x00000000eb551ec8,0x00000000ec500000)
  from space 2560K, 0% used [0x00000000ec780000,0x00000000ec780000,0x00000000eca00000)
  to   space 2560K, 0% used [0x00000000ec500000,0x00000000ec500000,0x00000000ec780000)
 ParOldGen       total 44032K, used 0K [0x00000000c1e00000, 0x00000000c4900000, 0x00000000eb500000)
  object space 44032K, 0% used [0x00000000c1e00000,0x00000000c1e00000,0x00000000c4900000)
 Metaspace       used 786K, capacity 1156K, committed 1408K, reserved 1060864K
  class space    used 76K, capacity 384K, committed 384K, reserved 1048576K

Card table byte_map: [0x00000000125a0000,0x00000000127a0000] byte_map_base: 0x0000000011f91000

Marking Bits: (ParMarkBitMap*) 0x0000000069076d90
 Begin Bits: [0x0000000012cf0000, 0x0000000013c78000)
 End Bits:   [0x0000000013c78000, 0x0000000014c00000)

Polling page: 0x0000000002ee0000

CodeCache: size=245760Kb used=328Kb max_used=328Kb free=245431Kb
 bounds [0x00000000031e0000, 0x0000000003450000, 0x00000000121e0000]
 total_blobs=58 nmethods=0 adapters=38
 compilation: enabled

Compilation events (0 events):
No events

GC Heap History (0 events):
No events

Deoptimization events (0 events):
No events

Classes redefined (0 events):
No events

Internal exceptions (0 events):
No events

Events (10 events):
Event: 0.052 loading class java/lang/Short
Event: 0.053 loading class java/lang/Short done
Event: 0.053 loading class java/lang/Integer
Event: 0.053 loading class java/lang/Integer done
Event: 0.053 loading class java/lang/Long
Event: 0.053 loading class java/lang/Long done
Event: 0.055 loading class java/lang/NullPointerException
Event: 0.055 loading class java/lang/NullPointerException done
Event: 0.055 loading class java/lang/ArithmeticException
Event: 0.055 loading class java/lang/ArithmeticException done


Dynamic libraries:
0x00007ff63a5e0000 - 0x00007ff63a617000 	C:\Program Files\Java\jdk1.8.0_231\bin\java.exe
0x00007ffdcec50000 - 0x00007ffdcee45000 	C:\WINDOWS\SYSTEM32\ntdll.dll
0x00007ffdcd340000 - 0x00007ffdcd3fd000 	C:\WINDOWS\System32\KERNEL32.DLL
0x00007ffdcc390000 - 0x00007ffdcc658000 	C:\WINDOWS\System32\KERNELBASE.dll
0x00007ffdceb60000 - 0x00007ffdcec0c000 	C:\WINDOWS\System32\ADVAPI32.dll
0x00007ffdcd610000 - 0x00007ffdcd6ae000 	C:\WINDOWS\System32\msvcrt.dll
0x00007ffdcdb90000 - 0x00007ffdcdc2b000 	C:\WINDOWS\System32\sechost.dll
0x00007ffdcd400000 - 0x00007ffdcd52b000 	C:\WINDOWS\System32\RPCRT4.dll
0x00007ffdce9c0000 - 0x00007ffdceb60000 	C:\WINDOWS\System32\USER32.dll
0x00007ffdccc90000 - 0x00007ffdcccb2000 	C:\WINDOWS\System32\win32u.dll
0x00007ffdcd760000 - 0x00007ffdcd78a000 	C:\WINDOWS\System32\GDI32.dll
0x00007ffdccaf0000 - 0x00007ffdccbfb000 	C:\WINDOWS\System32\gdi32full.dll
0x00007ffdcc810000 - 0x00007ffdcc8ad000 	C:\WINDOWS\System32\msvcp_win.dll
0x00007ffdcc660000 - 0x00007ffdcc760000 	C:\WINDOWS\System32\ucrtbase.dll
0x00007ffdb56c0000 - 0x00007ffdb595a000 	C:\WINDOWS\WinSxS\amd64_microsoft.windows.common-controls_6595b64144ccf1df_6.0.19041.1052_none_60b8f8fd71f5e8cb\COMCTL32.dll
0x00007ffdce990000 - 0x00007ffdce9c0000 	C:\WINDOWS\System32\IMM32.DLL
0x0000000069bd0000 - 0x0000000069ca2000 	C:\Program Files\Java\jdk1.8.0_231\jre\bin\msvcr100.dll
0x0000000068850000 - 0x00000000690f6000 	C:\Program Files\Java\jdk1.8.0_231\jre\bin\server\jvm.dll
0x00007ffdcda40000 - 0x00007ffdcda48000 	C:\WINDOWS\System32\PSAPI.DLL
0x00007ffdc16d0000 - 0x00007ffdc16f7000 	C:\WINDOWS\SYSTEM32\WINMM.dll
0x00007ffdc8130000 - 0x00007ffdc813a000 	C:\WINDOWS\SYSTEM32\VERSION.dll
0x00007ffdbb970000 - 0x00007ffdbb979000 	C:\WINDOWS\SYSTEM32\WSOCK32.dll
0x00007ffdcda50000 - 0x00007ffdcdabb000 	C:\WINDOWS\System32\WS2_32.dll
0x00007ffdc9020000 - 0x00007ffdc902f000 	C:\Program Files\Java\jdk1.8.0_231\jre\bin\verify.dll
0x00007ffdba000000 - 0x00007ffdba029000 	C:\Program Files\Java\jdk1.8.0_231\jre\bin\java.dll
0x00007ffdc1a30000 - 0x00007ffdc1a46000 	C:\Program Files\Java\jdk1.8.0_231\jre\bin\zip.dll

VM Arguments:
jvm_args: -Dfile.encoding=UTF-8 
java_command: ManageData
java_class_path (initial): C:\Program Files\NetBeans 8.2\ide\modules\ext\mysql-connector-java-5.1.23-bin.jar;C:\Software\iReport\iReport Library\commons-beanutils-1.8.2.jar;C:\Software\iReport\iReport Library\commons-collections4-4.4.jar;C:\Software\iReport\iReport Library\commons-digester-1.7.jar;C:\Software\iReport\iReport Library\commons-logging-1.1.jar;C:\Software\iReport\iReport Library\jasperreports-6.17.0.jar;C:\Software\iReport\iReport Library\itext-2.1.7.js4.jar;C:\Tugas\SMK\Kelas XI\Semester 1\PBO\TA_PBO_KELOMPOK\jcalendar-1.3.2.jar;C:\Tugas\agfdaf\Semester 2\Algoritma dan Pemrograman II\Tugas\14_pertemuan\TugasAkhir\build\classes
Launcher Type: SUN_STANDARD

Environment Variables:
PATH=C:\Program Files (x86)\Common Files\Intel\Shared Libraries\redist\intel64\compiler;C:\Program Files (x86)\Common Files\Oracle\Java\javapath;C:\Program Files (x86)\Common Files\Intel\Shared Files\cpp\bin\Intel64;C:\Program Files (x86)\Intel\Intel(R) Management Engine Components\iCLS\;C:\Program Files\Intel\Intel(R) Management Engine Components\iCLS\;C:\Windows\system32;C:\Windows;C:\Windows\System32\Wbem;C:\Windows\System32\WindowsPowerShell\v1.0\;C:\Program Files (x86)\Intel\Intel(R) Management Engine Components\DAL;C:\Program Files\Intel\Intel(R) Management Engine Components\DAL;C:\Program Files (x86)\Intel\Intel(R) Management Engine Components\IPT;C:\Program Files\Intel\Intel(R) Management Engine Components\IPT;C:\Program Files (x86)\NVIDIA Corporation\PhysX\Common;C:\WINDOWS\system32;C:\WINDOWS;C:\WINDOWS\System32\Wbem;C:\WINDOWS\System32\WindowsPowerShell\v1.0\;C:\WINDOWS\System32\OpenSSH\;C:\xampp\php;C:\Program Files\NVIDIA Corporation\NVIDIA NvDLISR;C:\Users\User\AppData\Local\Microsoft\WindowsApps;
USERNAME=User
OS=Windows_NT
PROCESSOR_IDENTIFIER=Intel64 Family 6 Model 78 Stepping 3, GenuineIntel



---------------  S Y S T E M  ---------------

OS: Windows 10.0 , 64 bit Build 19041 (10.0.19041.1023)

CPU:total 4 (initial active 4) (2 cores per cpu, 2 threads per core) family 6 model 78 stepping 3, cmov, cx8, fxsr, mmx, sse, sse2, sse3, ssse3, sse4.1, sse4.2, popcnt, avx, avx2, aes, clmul, erms, 3dnowpref, lzcnt, ht, tsc, tscinvbit, bmi1, bmi2, adx

Memory: 4k page, physical 4070580k(307844k free), swap 16653492k(4956k free)

vm_info: Java HotSpot(TM) 64-Bit Server VM (25.231-b11) for windows-amd64 JRE (1.8.0_231-b11), built on Oct  5 2019 03:11:30 by "java_re" with MS VC++ 10.0 (VS2010)

time: Mon Jul 12 02:31:44 2021
timezone: SE Asia Standard Time
elapsed time: 0 seconds (0d 0h 0m 0s)

